0 info it worked if it ends with ok
1 verbose cli [ 'node', '/usr/local/bin/npm', 'install', 'body-parcer' ]
2 info using npm@1.4.28
3 info using node@v0.10.35
4 verbose readDependencies using package.json deps
5 verbose cache add [ 'body-parcer', null ]
6 verbose cache add name=undefined spec="body-parcer" args=["body-parcer",null]
7 verbose parsed url { protocol: null,
7 verbose parsed url   slashes: null,
7 verbose parsed url   auth: null,
7 verbose parsed url   host: null,
7 verbose parsed url   port: null,
7 verbose parsed url   hostname: null,
7 verbose parsed url   hash: null,
7 verbose parsed url   search: null,
7 verbose parsed url   query: null,
7 verbose parsed url   pathname: 'body-parcer',
7 verbose parsed url   path: 'body-parcer',
7 verbose parsed url   href: 'body-parcer' }
8 silly lockFile 65a3bea9-body-parcer body-parcer
9 verbose lock body-parcer /Users/edogg15/.npm/65a3bea9-body-parcer.lock
10 silly lockFile 65a3bea9-body-parcer body-parcer
11 silly lockFile 65a3bea9-body-parcer body-parcer
12 verbose addNamed [ 'body-parcer', '' ]
13 verbose addNamed [ null, '*' ]
14 silly lockFile 4e534e41-body-parcer body-parcer@
15 verbose lock body-parcer@ /Users/edogg15/.npm/4e534e41-body-parcer.lock
16 silly addNameRange { name: 'body-parcer', range: '*', hasData: false }
17 verbose request where is /body-parcer
18 verbose request registry https://registry.npmjs.org/
19 verbose request id b2e39c1cedec904a
20 verbose url raw /body-parcer
21 verbose url resolving [ 'https://registry.npmjs.org/', './body-parcer' ]
22 verbose url resolved https://registry.npmjs.org/body-parcer
23 verbose request where is https://registry.npmjs.org/body-parcer
24 info trying registry request attempt 1 at 14:43:36
25 http GET https://registry.npmjs.org/body-parcer
26 http 404 https://registry.npmjs.org/body-parcer
27 verbose headers { date: 'Mon, 09 Feb 2015 21:43:36 GMT',
27 verbose headers   server: 'CouchDB/1.5.0 (Erlang OTP/R16B03)',
27 verbose headers   'content-type': 'application/json',
27 verbose headers   'cache-control': 'max-age=0',
27 verbose headers   'content-length': '52',
27 verbose headers   'accept-ranges': 'bytes',
27 verbose headers   via: '1.1 varnish',
27 verbose headers   age: '0',
27 verbose headers   'x-served-by': 'cache-dfw1825-DFW',
27 verbose headers   'x-cache': 'MISS',
27 verbose headers   'x-cache-hits': '0',
27 verbose headers   'x-timer': 'S1423518216.031081,VS0,VE260',
27 verbose headers   'keep-alive': 'timeout=10, max=50',
27 verbose headers   connection: 'Keep-Alive' }
28 silly registry.get cb [ 404,
28 silly registry.get   { date: 'Mon, 09 Feb 2015 21:43:36 GMT',
28 silly registry.get     server: 'CouchDB/1.5.0 (Erlang OTP/R16B03)',
28 silly registry.get     'content-type': 'application/json',
28 silly registry.get     'cache-control': 'max-age=0',
28 silly registry.get     'content-length': '52',
28 silly registry.get     'accept-ranges': 'bytes',
28 silly registry.get     via: '1.1 varnish',
28 silly registry.get     age: '0',
28 silly registry.get     'x-served-by': 'cache-dfw1825-DFW',
28 silly registry.get     'x-cache': 'MISS',
28 silly registry.get     'x-cache-hits': '0',
28 silly registry.get     'x-timer': 'S1423518216.031081,VS0,VE260',
28 silly registry.get     'keep-alive': 'timeout=10, max=50',
28 silly registry.get     connection: 'Keep-Alive' } ]
29 silly lockFile 4e534e41-body-parcer body-parcer@
30 silly lockFile 4e534e41-body-parcer body-parcer@
31 error 404 404 Not Found: body-parcer
31 error 404
31 error 404 'body-parcer' is not in the npm registry.
31 error 404 You should bug the author to publish it
31 error 404 It was specified as a dependency of 'TextSupport'
31 error 404
31 error 404 Note that you can also install from a
31 error 404 tarball, folder, or http url, or git url.
32 error System Darwin 14.0.0
33 error command "node" "/usr/local/bin/npm" "install" "body-parcer"
34 error cwd /Users/edogg15/Dev/week6/day1/TextSupport
35 error node -v v0.10.35
36 error npm -v 1.4.28
37 error code E404
38 verbose exit [ 1, true ]
